<?xml version="1.0" encoding="UTF-8"?>
<testng-results ignored="0" total="1" passed="1" failed="0" skipped="0">
  <reporter-output>
  </reporter-output>
  <suite started-at="2020-10-14T16:50:23 IST" name="Default suite" finished-at="2020-10-14T16:50:27 IST" duration-ms="4155">
    <groups>
    </groups>
    <test started-at="2020-10-14T16:50:23 IST" name="Default test" finished-at="2020-10-14T16:50:27 IST" duration-ms="4155">
      <class name="com.atmecs.demo_project.tests.Employee_Details">
        <test-method signature="empDetails()[pri:0, instance:com.atmecs.demo_project.tests.Employee_Details@2ddc8ecb]" started-at="2020-10-14T16:50:23 IST" name="empDetails" finished-at="2020-10-14T16:50:27 IST" duration-ms="4119" status="PASS">
          <reporter-output>
          </reporter-output>
        </test-method> <!-- empDetails -->
      </class> <!-- com.atmecs.demo_project.tests.Employee_Details -->
    </test> <!-- Default test -->
  </suite> <!-- Default suite -->
</testng-results>
